Arguments: 
  /Users/marcopeg/.nvm/versions/node/v10.15.0/bin/node /usr/local/Cellar/yarn/1.13.0/libexec/bin/yarn.js

PATH: 
  /anaconda3/bin:/Users/marcopeg/.nvm/versions/node/v10.15.0/bin:/usr/local/bin:/usr/bin:/bin:/usr/sbin:/sbin:/Users/marcopeg/Library/Android/sdk/platform-tools:/Users/marcopeg/Library/Android/sdk/tools:/Users/marcopeg/Library/Android/sdk/tools/bin

Yarn version: 
  1.13.0

Node version: 
  10.15.0

Platform: 
  darwin x64

Trace: 
  Error: https://registry.yarnpkg.com/@crossroad%2fschema: Not found
      at Request.params.callback [as _callback] (/usr/local/Cellar/yarn/1.13.0/libexec/lib/cli.js:66255:18)
      at Request.self.callback (/usr/local/Cellar/yarn/1.13.0/libexec/lib/cli.js:129397:22)
      at Request.emit (events.js:182:13)
      at Request.<anonymous> (/usr/local/Cellar/yarn/1.13.0/libexec/lib/cli.js:130369:10)
      at Request.emit (events.js:182:13)
      at IncomingMessage.<anonymous> (/usr/local/Cellar/yarn/1.13.0/libexec/lib/cli.js:130291:12)
      at Object.onceWrapper (events.js:273:13)
      at IncomingMessage.emit (events.js:187:15)
      at endReadableNT (_stream_readable.js:1094:12)
      at process._tickCallback (internal/process/next_tick.js:63:19)

npm manifest: 
  {
    "name": "@crossroad/manager",
    "description": "Regulates access to a Crossroad server via JWT Tokens",
    "version": "0.2.12",
    "author": "Marco Pegoraro <marco.pegoraro@gmail.com",
    "bugs": {
      "url": "https://github.com/marcopeg/crossroad/issues"
    },
    "dependencies": {
      "@babel/runtime": "^7.5.5",
      "@crossroad/schema": "0.2.12"
    },
    "devDependencies": {
      "@babel/cli": "^7.5.5",
      "@babel/core": "^7.5.5",
      "@forrestjs/babel-preset-package": "^2.9.4",
      "cross-env": "^5.2.0"
    },
    "homepage": "https://github.com/marcopeg/crossroad/tree/master/lib/manager#readme",
    "keywords": [
      "graphql",
      "schema",
      "registry"
    ],
    "license": "MIT",
    "publishConfig": {
      "access": "public"
    },
    "repository": "https://github.com/marcopeg/crossroad/tree/master/lib/manager",
    "scripts": {
      "clean": "rm -rf node_modules && rm -f yarn.lock && rm -f package-lock.json",
      "test": "jest",
      "build": "babel src --out-dir . --ignore **/__tests__",
      "prepare": "cross-env NODE_ENV=production npm run build",
      "watch": "babel -w src --out-dir . --ignore **/__tests__",
      "watch:to": "babel -w src --out-dir \"${TARGET}/node_modules/${npm_package_name}\" --ignore **/__tests__"
    }
  }

yarn manifest: 
  No manifest

Lockfile: 
  No lockfile
